"../../../Engine/Content/Animation/DefaultAnimBoneCompressionSettings.uasset" 0
"../../../Engine/Content/Animation/DefaultAnimCurveCompressionSettings.uasset" 1
"../../../Engine/Content/ArtTools/RenderToTexture/Enums/RenderToTexture_Enum.uasset" 2
"../../../Engine/Content/ArtTools/RenderToTexture/Enums/RenderToTexture_Flipbook_Enum.uasset" 3
"../../../Engine/Content/ArtTools/RenderToTexture/Enums/RenderToTexture_Imposter_Enum.uasset" 4
"../../../Engine/Content/ArtTools/RenderToTexture/Enums/EIntTypes.uasset" 5
"../../../Engine/Content/EditorBlueprintResources/StandardMacros.uasset" 6
"../../../Engine/Content/ArtTools/RenderToTexture/Macros/RenderToTextureFunctionLibrary.uasset" 7
"../../../Engine/Content/ArtTools/RenderToTexture/Enums/EFloatTypes.uasset" 8
"../../../Engine/Content/ArtTools/RenderToTexture/Macros/RenderToTextureMacros.uasset" 9
"../../../Engine/Content/EngineMaterials/T_Default_Material_Grid_N.uasset" 10
"../../../Engine/Content/EngineMaterials/T_Default_Material_Grid_M.uasset" 11
"../../../Engine/Content/Functions/Engine_MaterialFunctions01/Opacity/CameraDepthFade.uasset" 12
"../../../Engine/Content/EngineMaterials/WorldGridMaterial.uasset" 13
"../../../Engine/Content/ArtTools/RenderToTexture/Meshes/S_1_Unit_Plane.uasset" 14
"../../../Engine/Content/EngineMaterials/DefaultMaterial.uasset" 15
"../../../Engine/Content/BasicShapes/Cone.uasset" 16
"../../../Engine/Content/BasicShapes/Cube.uasset" 17
"../../../Engine/Content/BasicShapes/Sphere.uasset" 18
"../../../Engine/Content/EngineMaterials/DefaultPhysicalMaterial.uasset" 19
"../../../Engine/Content/BufferVisualization/AmbientOcclusion.uasset" 20
"../../../Engine/Content/Functions/Engine_MaterialFunctions02/Utility/AppendMany.uasset" 21
"../../../Engine/Content/BufferVisualization/Anisotropy.uasset" 22
"../../../Engine/Content/BufferVisualization/BaseColor.uasset" 23
"../../../Engine/Content/BufferVisualization/CustomDepth.uasset" 24
"../../../Engine/Content/Functions/Engine_MaterialFunctions02/Utility/VectorLength.uasset" 25
"../../../Engine/Content/BufferVisualization/CustomDepthWorldUnits.uasset" 26
"../../../Engine/Content/Functions/Engine_MaterialFunctions02/Utility/BreakOutFloat2Components.uasset" 27
"../../../Engine/Content/Functions/Engine_MaterialFunctions01/Texturing/ScaleUVsByCenter.uasset" 28
"../../../Engine/Content/EngineMaterials/MiniFont.uasset" 29
"../../../Engine/Content/Functions/Engine_MaterialFunctions02/Utility/MakeFloat3.uasset" 30
"../../../Engine/Content/Functions/Engine_MaterialFunctions02/Utility/MakeFloat2.uasset" 31
"../../../Engine/Content/Functions/Engine_MaterialFunctions02/ScreenResolution.uasset" 32
"../../../Engine/Content/Functions/Engine_MaterialFunctions02/Texturing/ScreenAlignedUVs.uasset" 33
"../../../Engine/Content/BufferVisualization/CustomStencil.uasset" 34
"../../../Engine/Content/BufferVisualization/FinalImage.uasset" 35
"../../../Engine/Content/BufferVisualization/LightingModel.uasset" 36
"../../../Engine/Content/BufferVisualization/MaterialAO.uasset" 37
"../../../Engine/Content/BufferVisualization/Metallic.uasset" 38
"../../../Engine/Content/BufferVisualization/Opacity.uasset" 39
"../../../Engine/Content/BufferVisualization/PostTonemapHDRColor.uasset" 40
"../../../Engine/Content/BufferVisualization/PreTonemapHDRColor.uasset" 41
"../../../Engine/Content/BufferVisualization/Roughness.uasset" 42
"../../../Engine/Content/BufferVisualization/SceneColor.uasset" 43
"../../../Engine/Content/BufferVisualization/SceneDepth.uasset" 44
"../../../Engine/Content/BufferVisualization/SceneDepthWorldUnits.uasset" 45
"../../../Engine/Content/BufferVisualization/SeparateTranslucencyA.uasset" 46
"../../../Engine/Content/BufferVisualization/SeparateTranslucencyRGB.uasset" 47
"../../../Engine/Content/BufferVisualization/Specular.uasset" 48
"../../../Engine/Content/BufferVisualization/SubsurfaceColor.uasset" 49
"../../../Engine/Content/BufferVisualization/Velocity.uasset" 50
"../../../Engine/Content/BufferVisualization/WorldNormal.uasset" 51
"../../../Engine/Content/BufferVisualization/WorldTangent.uasset" 52
"../../../Engine/Content/EditorBlueprintResources/ActorMacros.uasset" 53
"../../../Engine/Content/EditorLandscapeResources/DataLayer.uasset" 54
"../../../Engine/Content/EditorLandscapeResources/DefaultAlphaTexture.uasset" 55
"../../../Engine/Content/EditorLandscapeResources/LandscapeGizmoHeight_Mat.uasset" 56
"../../../Engine/Content/EditorLandscapeResources/LandscapeGizmo_Mat.uasset" 57
"../../../Engine/Content/EditorLandscapeResources/LandscapeGizmo_Mat_Copied.uasset" 58
"../../../Engine/Content/EditorLandscapeResources/SplineEditorMeshMat.uasset" 59
"../../../Engine/Content/EditorLandscapeResources/SplineEditorMesh.uasset" 60
"../../../Engine/Content/EditorMaterials/Cross.uasset" 61
"../../../Engine/Content/EditorMaterials/Cross_Mat.uasset" 62
"../../../Engine/Content/EditorResources/T_EditorHelp.uasset" 63
"../../../Engine/Content/Functions/Engine_MaterialFunctions02/Utility/Sign.uasset" 64
"../../../Engine/Content/Functions/Engine_MaterialFunctions02/Utility/Round.uasset" 65
"../../../Engine/Content/EngineMaterials/DefaultDiffuse.uasset" 66
"../../../Engine/Content/Functions/Engine_MaterialFunctions01/Texturing/TextureCropping.uasset" 67
"../../../Engine/Content/Functions/Engine_MaterialFunctions01/Texturing/ComputeMipLevel.uasset" 68
"../../../Engine/Content/Functions/Engine_MaterialFunctions02/ExampleContent/Textures/DebugNumberPeriod.uasset" 69
"../../../Engine/Content/Functions/Engine_MaterialFunctions02/ExampleContent/DebugNumberStrip.uasset" 70
"../../../Engine/Content/Functions/Engine_MaterialFunctions02/Utility/DebugScalarValues.uasset" 71
"../../../Engine/Content/Functions/Engine_MaterialFunctions02/Utility/DebugFloat2Values.uasset" 72
"../../../Engine/Content/Functions/Engine_MaterialFunctions02/ExampleContent/Textures/flipbook.uasset" 73
"../../../Engine/Content/Functions/Engine_MaterialFunctions02/Texturing/FlipBook.uasset" 74
"../../../Engine/Content/EditorMaterials/HelpActorMaterial.uasset" 75
"../../../Engine/Content/Functions/Engine_MaterialFunctions03/Procedurals/ComputeFilterWidth.uasset" 76
"../../../Engine/Content/EngineMaterials/BlendFunc_DefBlend.uasset" 77
"../../../Engine/Content/EngineMaterials/BlendFunc_DefBase.uasset" 78
"../../../Engine/Content/Functions/Engine_MaterialFunctions03/Blends/Blend_Screen.uasset" 79
"../../../Engine/Content/EditorMaterials/TilingAALineIntegral.uasset" 80
"../../../Engine/Content/EditorMaterials/TilingAALineBoxFiltered.uasset" 81
"../../../Engine/Content/EditorMaterials/TilingAAGrid.uasset" 82
"../../../Engine/Content/EditorMaterials/TilingAADots.uasset" 83
"../../../Engine/Content/EditorMaterials/CompositeARGBLayer.uasset" 84
"../../../Engine/Content/EditorMaterials/LevelGridMaterial.uasset" 85
"../../../Engine/Content/EditorResources/LevelGrid1DStripes.uasset" 86
"../../../Engine/Content/EditorMaterials/TextureGridCascaded1D.uasset" 87
"../../../Engine/Content/EditorMaterials/TextureGridCascaded2D.uasset" 88
"../../../Engine/Content/EditorMaterials/MakeCompositeARGBLayer.uasset" 89
"../../../Engine/Content/EditorMaterials/LevelGridMaterial2.uasset" 90
"../../../Engine/Content/EditorMaterials/MAT_Groups_Toggle.uasset" 91
"../../../Engine/Content/EditorMaterials/MAT_Groups_Visibility.uasset" 92
"../../../Engine/Content/EngineMaterials/Grid.uasset" 93
"../../../Engine/Content/EditorResources/TilePatine_N.uasset" 94
"../../../Engine/Content/EditorResources/TilePatine_D.uasset" 95
"../../../Engine/Content/EditorMaterials/AntialiasedGridFloor.uasset" 96
"../../../Engine/Content/EditorMaterials/PersonaFloorMat.uasset" 97
"../../../Engine/Content/EditorMaterials/PhAT_BoneSelectedMaterial.uasset" 98
"../../../Engine/Content/EditorMaterials/PhAT_ElemSelectedMaterial.uasset" 99
"../../../Engine/Content/EditorMaterials/PhAT_NoCollisionMaterial.uasset" 100
"../../../Engine/Content/EditorMaterials/PhAT_UnselectedMaterial.uasset" 101
"../../../Engine/Content/EditorMaterials/PreviewShadowIndicator.uasset" 102
"../../../Engine/Content/EditorMaterials/PreviewShadowIndicatorMaterial.uasset" 103
"../../../Engine/Content/EditorMaterials/TargetIcon.uasset" 104
"../../../Engine/Content/EditorMaterials/Tick.uasset" 105
"../../../Engine/Content/EditorMaterials/Tick_Mat.uasset" 106
"../../../Engine/Content/EditorMaterials/WidgetGridVertexColorMaterial.uasset" 107
"../../../Engine/Content/EditorMaterials/WidgetGridVertexColorMaterial_Ma.uasset" 108
"../../../Engine/Content/EditorMaterials/WidgetMaterial.uasset" 109
"../../../Engine/Content/EditorMaterials/WidgetMaterial_Current.uasset" 110
"../../../Engine/Content/EditorMaterials/WidgetMaterial_X.uasset" 111
"../../../Engine/Content/EditorMaterials/WidgetMaterial_Y.uasset" 112
"../../../Engine/Content/EditorMaterials/WidgetMaterial_Z.uasset" 113
"../../../Engine/Content/EditorMaterials/WidgetVertexColorMaterial.uasset" 114
"../../../Engine/Content/EditorMaterials/MatineeGroups/MAT_ColorTrack.uasset" 115
"../../../Engine/Content/EditorMaterials/MatineeGroups/MAT_Groups_Anim.uasset" 116
"../../../Engine/Content/EditorMaterials/MatineeGroups/MAT_Groups_AudioMaster.uasset" 117
"../../../Engine/Content/EditorMaterials/MatineeGroups/MAT_Groups_Director.uasset" 118
"../../../Engine/Content/EditorMaterials/MatineeGroups/MAT_Groups_Event.uasset" 119
"../../../Engine/Content/EditorMaterials/MatineeGroups/MAT_Groups_Fade.uasset" 120
"../../../Engine/Content/EditorMaterials/MatineeGroups/MAT_Groups_Float.uasset" 121
"../../../Engine/Content/EditorMaterials/MatineeGroups/MAT_Groups_Move.uasset" 122
"../../../Engine/Content/EditorMaterials/MatineeGroups/MAT_Groups_Slomo.uasset" 123
"../../../Engine/Content/EditorMaterials/MatineeGroups/MAT_Groups_Sound.uasset" 124
"../../../Engine/Content/EditorMaterials/MatineeGroups/MAT_Groups_Vector.uasset" 125
"../../../Engine/Content/EditorMaterials/ParticleSystems/PSysThumbnail_NoImage.uasset" 126
"../../../Engine/Content/EditorMaterials/ParticleSystems/PSysThumbnail_OOD.uasset" 127
"../../../Engine/Content/EditorMaterials/Thumbnails/FloorPlaneMaterial.uasset" 128
"../../../Engine/Content/EditorMeshes/EditorCube.uasset" 129
"../../../Engine/Content/EditorMeshes/EditorCylinder.uasset" 130
"../../../Engine/Content/EditorMeshes/EditorPlane.uasset" 131
"../../../Engine/Content/EditorMaterials/Thumbnails/SkySphereMaterial.uasset" 132
"../../../Engine/Content/EditorMeshes/EditorSkySphere.uasset" 133
"../../../Engine/Content/EditorMeshes/EditorSphere.uasset" 134
"../../../Engine/Content/EditorResources/MatineeCam_D.uasset" 135
"../../../Engine/Content/EditorMaterials/MatineeCam_mat.uasset" 136
"../../../Engine/Content/EditorMeshes/MatineeCam_SM.uasset" 137
"../../../Engine/Content/Functions/Engine_MaterialFunctions01/Shading/ConvertFromDiffSpec.uasset" 138
"../../../Engine/Content/EditorMaterials/GridMaterial.uasset" 139
"../../../Engine/Content/EditorMeshes/PhAT_FloorBox.uasset" 140
"../../../Engine/Content/EditorMeshes/PlanarReflectionPlane.uasset" 141
"../../../Engine/Content/EngineDebugMaterials/M_SimpleOpaque.uasset" 142
"../../../Engine/Content/EditorMaterials/Camera/MI_CineMat_CamViewFinder.uasset" 143
"../../../Engine/Content/EditorMaterials/Camera/CineMat.uasset" 144
"../../../Engine/Content/EditorMaterials/Camera/MI_CineMat_CameraBody.uasset" 145
"../../../Engine/Content/EditorMeshes/Camera/SM_CineCam.uasset" 146
"../../../Engine/Content/EditorMaterials/Camera/MI_CineMat_Rig.uasset" 147
"../../../Engine/Content/EditorMeshes/Camera/SM_CraneRig_Arm.uasset" 148
"../../../Engine/Content/EditorMeshes/Camera/SM_CraneRig_Base.uasset" 149
"../../../Engine/Content/EditorMeshes/Camera/SM_CraneRig_Body.uasset" 150
"../../../Engine/Content/EditorMeshes/Camera/SM_CraneRig_Mount.uasset" 151
"../../../Engine/Content/EditorMeshes/Camera/SM_RailRig_Mount.uasset" 152
"../../../Engine/Content/EditorMeshes/Camera/SM_RailRig_Track.uasset" 153
"../../../Engine/Content/EditorMeshes/ColorCalibrator/M_ChromeBall.uasset" 154
"../../../Engine/Content/EditorResources/Bad.uasset" 155
"../../../Engine/Content/EditorResources/BSPVertex.uasset" 156
"../../../Engine/Content/EditorResources/EmptyActor.uasset" 157
"../../../Engine/Content/EditorResources/MatInstActSprite.uasset" 158
"../../../Engine/Content/EditorResources/SceneManager.uasset" 159
"../../../Engine/Content/EditorResources/SmallFont.uasset" 160
"../../../Engine/Content/EditorResources/S_Actor.uasset" 161
"../../../Engine/Content/EditorResources/S_CameraShakeSource.uasset" 162
"../../../Engine/Content/EditorResources/S_DecalActorIcon.uasset" 163
"../../../Engine/Content/EditorResources/S_Emitter.uasset" 164
"../../../Engine/Content/EditorResources/S_ExpoHeightFog.uasset" 165
"../../../Engine/Content/EditorResources/S_FTest.uasset" 166
"../../../Engine/Content/EditorResources/S_KBSJoint.uasset" 167
"../../../Engine/Content/EditorResources/S_KHinge.uasset" 168
"../../../Engine/Content/EditorResources/S_KPrismatic.uasset" 169
"../../../Engine/Content/EditorResources/S_LevelSequence.uasset" 170
"../../../Engine/Content/EditorResources/S_NavP.uasset" 171
"../../../Engine/Content/EditorResources/S_Note.uasset" 172
"../../../Engine/Content/EditorResources/S_Player.uasset" 173
"../../../Engine/Content/EditorResources/S_PortalActorIcon2.uasset" 174
"../../../Engine/Content/EditorResources/S_RadForce.uasset" 175
"../../../Engine/Content/EditorResources/S_ReflActorIcon.uasset" 176
"../../../Engine/Content/EditorResources/S_SkyAtmosphere.uasset" 177
"../../../Engine/Content/EditorResources/S_Solver.uasset" 178
"../../../Engine/Content/EditorResources/S_Terrain.uasset" 179
"../../../Engine/Content/EditorResources/S_TextRenderActorIcon.uasset" 180
"../../../Engine/Content/EditorResources/S_Thruster.uasset" 181
"../../../Engine/Content/EditorResources/S_Trigger.uasset" 182
"../../../Engine/Content/EditorResources/S_VectorFieldVol.uasset" 183
"../../../Engine/Content/EditorResources/S_VolumetricCloud.uasset" 184
"../../../Engine/Content/EditorResources/S_WindDirectional.uasset" 185
"../../../Engine/Content/EditorResources/AI/S_NavLink.uasset" 186
"../../../Engine/Content/EditorResources/AudioIcons/S_AudioComponent_AutoActivate.uasset" 187
"../../../Engine/Content/EditorResources/LightIcons/SkyLight.uasset" 188
"../../../Engine/Content/EditorResources/LightIcons/S_LightDirectional.uasset" 189
"../../../Engine/Content/EditorResources/LightIcons/S_LightDirectionalMove.uasset" 190
"../../../Engine/Content/EditorResources/LightIcons/S_LightError.uasset" 191
"../../../Engine/Content/EditorResources/LightIcons/S_LightPoint.uasset" 192
"../../../Engine/Content/EditorResources/LightIcons/S_LightPointMove.uasset" 193
"../../../Engine/Content/EditorResources/LightIcons/S_LightSpot.uasset" 194
"../../../Engine/Content/EditorResources/LightIcons/S_LightSpotMove.uasset" 195
"../../../Engine/Content/EditorResources/SequenceRecorder/Countdown.uasset" 196
"../../../Engine/Content/EditorResources/SequenceRecorder/RecordingIndicator.uasset" 197
"../../../Engine/Content/EditorResources/Spline/T_Loft_Spline.uasset" 198
"../../../Engine/Content/EditorSounds/Notifications/CompileFailed.uasset" 199
"../../../Engine/Content/EditorSounds/Notifications/CompileFailed_Cue.uasset" 200
"../../../Engine/Content/EditorSounds/Notifications/CompileSuccess.uasset" 201
"../../../Engine/Content/EditorSounds/Notifications/CompileStart_Cue.uasset" 202
"../../../Engine/Content/EditorSounds/Notifications/CompileSuccess_Cue.uasset" 203
"../../../Engine/Content/EngineDamageTypes/DmgTypeBP_Environmental.uasset" 204
"../../../Engine/Content/EngineDebugMaterials/HeatmapGradient.uasset" 205
"../../../Engine/Content/EngineDebugMaterials/BoneWeightMaterial.uasset" 206
"../../../Engine/Content/EngineDebugMaterials/ClothMaterial.uasset" 207
"../../../Engine/Content/EngineDebugMaterials/ClothMaterial_WF.uasset" 208
"../../../Engine/Content/EngineDebugMaterials/DebugEditorMaterial.uasset" 209
"../../../Engine/Content/EngineDebugMaterials/DebugMeshMaterial.uasset" 210
"../../../Engine/Content/EngineDebugMaterials/GeomMaterial.uasset" 211
"../../../Engine/Content/EngineDebugMaterials/LevelColorationLitMaterial.uasset" 212
"../../../Engine/Content/EngineDebugMaterials/LevelColorationUnlitMaterial.uasset" 213
"../../../Engine/Content/EngineMaterials/DefaultWhiteGrid.uasset" 214
"../../../Engine/Content/EngineDebugMaterials/MAT_LevelColorationLitLightmapUV.uasset" 215
"../../../Engine/Content/EngineDebugMaterials/M_SimpleUnlitTranslucent.uasset" 216
"../../../Engine/Content/EngineDebugMaterials/VolumeToRender.uasset" 217
"../../../Engine/Content/Functions/Engine_MaterialFunctions02/Utility/CameraDirectionVector.uasset" 218
"../../../Engine/Content/EngineDebugMaterials/M_VolumeRenderSphereTracePP.uasset" 219
"../../../Engine/Content/EngineMaterials/DefaultWhiteGrid_Low.uasset" 220
"../../../Engine/Content/EngineDebugMaterials/PhysicalMaterialMaskMaterial.uasset" 221
"../../../Engine/Content/EngineDebugMaterials/ShadedLevelColorationLitMaterial.uasset" 222
"../../../Engine/Content/EngineDebugMaterials/ShadedLevelColorationUnlitMateri.uasset" 223
"../../../Engine/Content/EngineDebugMaterials/VertexColorMaterial.uasset" 224
"../../../Engine/Content/EngineDebugMaterials/VertexColorViewMode_AlphaAsColor.uasset" 225
"../../../Engine/Content/EngineDebugMaterials/VertexColorViewMode_BlueOnly.uasset" 226
"../../../Engine/Content/EngineDebugMaterials/VertexColorViewMode_ColorOnly.uasset" 227
"../../../Engine/Content/EngineDebugMaterials/VertexColorViewMode_GreenOnly.uasset" 228
"../../../Engine/Content/EngineDebugMaterials/VertexColorViewMode_RedOnly.uasset" 229
"../../../Engine/Content/EngineDebugMaterials/WireframeMaterial.uasset" 230
"../../../Engine/Content/EngineFonts/Faces/DroidSansFallback.uasset" 231
"../../../Engine/Content/EngineFonts/Faces/RobotoRegular.uasset" 232
"../../../Engine/Content/EngineFonts/Faces/RobotoLight.uasset" 233
"../../../Engine/Content/EngineFonts/Faces/RobotoItalic.uasset" 234
"../../../Engine/Content/EngineFonts/Faces/RobotoBoldItalic.uasset" 235
"../../../Engine/Content/EngineFonts/Faces/RobotoBold.uasset" 236
"../../../Engine/Content/EngineFonts/Roboto.uasset" 237
"../../../Engine/Content/EngineFonts/Faces/RobotoTiny.uasset" 238
"../../../Engine/Content/EngineFonts/RobotoTiny.uasset" 239
"../../../Engine/Content/EngineFonts/SmallFont.uasset" 240
"../../../Engine/Content/EngineFonts/TinyFont.uasset" 241
"../../../Engine/Content/EngineMaterials/BaseFlattenNormalMap.uasset" 242
"../../../Engine/Content/EngineMaterials/BaseFlattenGrayscaleMap.uasset" 243
"../../../Engine/Content/EngineMaterials/BaseFlattenEmissiveMap.uasset" 244
"../../../Engine/Content/EngineMaterials/BaseFlattenDiffuseMap.uasset" 245
"../../../Engine/Content/EngineMaterials/BaseFlattenMaterial.uasset" 246
"../../../Engine/Content/EngineResources/WhiteSquareTexture.uasset" 247
"../../../Engine/Content/EngineMaterials/BlinkingCaret.uasset" 248
"../../../Engine/Content/EngineMaterials/BlueNoise.uasset" 249
"../../../Engine/Content/EngineMaterials/DefaultBloomKernel.uasset" 250
"../../../Engine/Content/EngineMaterials/DefaultBokeh.uasset" 251
"../../../Engine/Content/EngineMaterials/DefaultDeferredDecalMaterial.uasset" 252
"../../../Engine/Content/EngineMaterials/DefaultLightFunctionMaterial.uasset" 253
"../../../Engine/Content/EngineMaterials/DefaultNormal.uasset" 254
"../../../Engine/Content/EngineMaterials/DefaultPostProcessMaterial.uasset" 255
"../../../Engine/Content/EngineFonts/RobotoDistanceField.uasset" 256
"../../../Engine/Content/EngineMaterials/DefaultTextMaterialOpaque.uasset" 257
"../../../Engine/Content/EngineMaterials/EditorBrushMaterial.uasset" 258
"../../../Engine/Content/EngineMaterials/EmissiveMeshMaterial.uasset" 259
"../../../Engine/Content/EngineMaterials/GizmoMaterial.uasset" 260
"../../../Engine/Content/EngineMaterials/Good64x64TilingNoiseHighFreq.uasset" 261
"../../../Engine/Content/EngineMaterials/Grid_N.uasset" 262
"../../../Engine/Content/EngineMaterials/HighResolutionScreenshotMaskFunction.uasset" 263
"../../../Engine/Content/EngineMaterials/HighResScreenshot.uasset" 264
"../../../Engine/Content/EngineMaterials/HighResScreenshotCaptureRegion.uasset" 265
"../../../Engine/Content/EngineMaterials/HighResScreenshotMask.uasset" 266
"../../../Engine/Content/EngineMaterials/LandscapeHolePhysicalMaterial.uasset" 267
"../../../Engine/Content/EngineMaterials/InvalidLightmapSettings.uasset" 268
"../../../Engine/Content/EngineMaterials/M_InvalidLightmapSettings.uasset" 269
"../../../Engine/Content/EngineMaterials/PaperDiffuse.uasset" 270
"../../../Engine/Content/EngineMaterials/PaperNormal.uasset" 271
"../../../Engine/Content/Functions/Engine_MaterialFunctions02/WorldPositionOffset/CameraOffset.uasset" 272
"../../../Engine/Content/EngineMaterials/PhAT_JointLimitMaterial.uasset" 273
"../../../Engine/Content/EngineMaterials/PhysMat_Rubber.uasset" 274
"../../../Engine/Content/EngineMaterials/PreintegratedSkinBRDF.uasset" 275
"../../../Engine/Content/EngineMaterials/RemoveSurfaceMaterial.uasset" 276
"../../../Engine/Content/EngineMaterials/WeightMapPlaceholderTexture.uasset" 277
"../../../Engine/Content/Functions/Engine_MaterialFunctions02/Utility/BreakOutFloat3Components.uasset" 278
"../../../Engine/Content/Functions/Engine_MaterialFunctions01/ImageAdjustment/sRGBToLinear.uasset" 279
"../../../Engine/Content/EngineMaterials/Widget3DCameraPassThrough_Opaque_OneSided.uasset" 280
"../../../Engine/Content/EngineMaterials/Widget3DPassThrough.uasset" 281
"../../../Engine/Content/EngineMaterials/Widget3DPassThrough_Masked.uasset" 282
"../../../Engine/Content/EngineMaterials/Widget3DPassThrough_Opaque.uasset" 283
"../../../Engine/Content/EngineMaterials/Widget3DPassThrough_Masked_OneSided.uasset" 284
"../../../Engine/Content/EngineMaterials/Widget3DPassThrough_Opaque_OneSided.uasset" 285
"../../../Engine/Content/EngineMaterials/Widget3DPassThrough_Translucent.uasset" 286
"../../../Engine/Content/EngineMaterials/Widget3DPassThrough_Translucent_OneSided.uasset" 287
"../../../Engine/Content/EngineMeshes/Cylinder.uasset" 288
"../../../Engine/Content/EngineMeshes/Sphere.uasset" 289
"../../../Engine/Content/EngineResources/Black.uasset" 290
"../../../Engine/Content/EngineResources/DefaultTextureCube.uasset" 291
"../../../Engine/Content/EngineResources/DefaultVolumeTexture2D.uasset" 292
"../../../Engine/Content/EngineResources/DefaultVolumeTexture.uasset" 293
"../../../Engine/Content/EngineResources/GradientTexture0.uasset" 294
"../../../Engine/Content/EngineResources/StreamingPauseIcon.uasset" 295
"../../../Engine/Content/EngineResources/M_StreamingPause.uasset" 296
"../../../Engine/Content/EngineSky/VolumetricClouds/T_NoiseShape64.uasset" 297
"../../../Engine/Content/EngineSky/VolumetricClouds/T_VolumeNoiseShape64.uasset" 298
"../../../Engine/Content/EngineSky/VolumetricClouds/T_NoiseErosion.uasset" 299
"../../../Engine/Content/EngineSky/VolumetricClouds/T_VolumeNoiseErosion32.uasset" 300
"../../../Engine/Content/EngineSky/VolumetricClouds/CloudWeatherTexture.uasset" 301
"../../../Engine/Content/EngineSky/VolumetricClouds/CloudGradientTexture.uasset" 302
"../../../Engine/Content/EngineSky/VolumetricClouds/m_SimpleVolumetricCloud.uasset" 303
"../../../Engine/Content/EngineSky/VolumetricClouds/m_SimpleVolumetricCloud_Inst.uasset" 304
"../../../Engine/Content/EngineSounds/Master.uasset" 305
"../../../Engine/Content/Functions/Engine_MaterialFunctions01/Shading/PowerToRoughness.uasset" 306
"../../../Engine/Content/Maps/Templates/Thumbnails/Default.uasset" 307
"../../../Engine/Content/Maps/Templates/Thumbnails/TimeOfDay.uasset" 308
"../../../Engine/Content/Maps/Templates/Thumbnails/VR-Basic.uasset" 309
"../../../Engine/Content/MapTemplates/Sky/DaylightAmbientCubemap.uasset" 310
"../../../Engine/Content/MobileResources/T_MobileControls_texture.uasset" 311
"../../../Engine/Content/MobileResources/T_MobileMenu2.uasset" 312
"../../../Engine/Content/MobileResources/HUD/AnalogHat.uasset" 313
"../../../Engine/Content/MobileResources/HUD/VirtualJoystick_Thumb.uasset" 314
"../../../Engine/Content/MobileResources/HUD/VirtualJoystick_Background.uasset" 315
"../../../Engine/Content/MobileResources/HUD/DefaultVirtualJoysticks.uasset" 316
"../../../Engine/Content/MobileResources/HUD/LeftVirtualJoystickOnly.uasset" 317
"../../../Engine/Content/MobileResources/HUD/MobileHUDButton1_off.uasset" 318
"../../../Engine/Content/MobileResources/HUD/MobileHUDButton1_on.uasset" 319
"../../../Engine/Content/MobileResources/HUD/MobileHUDButton2_off.uasset" 320
"../../../Engine/Content/MobileResources/HUD/MobileHUDButton2_on.uasset" 321
"../../../Engine/Content/MobileResources/HUD/MobileHUDButton3.uasset" 322
"../../../Engine/Content/MobileResources/HUD/MobileHUDButtonFire.uasset" 323
"../../../Engine/Content/MobileResources/HUD/MobileHUDDirectionPad.uasset" 324
"../../../Engine/Content/MobileResources/HUD/MobileHUDDirectionPad2.uasset" 325
"../../../Engine/Content/MobileResources/HUD/MobileHUDDirectionPad3.uasset" 326
"../../../Engine/Content/MobileResources/HUD/MobileHUDDirectionStick.uasset" 327
"../../../Engine/Content/MobileResources/HUD/T_Castle_ThumbstickInner.uasset" 328
"../../../Engine/Content/MobileResources/HUD/T_Castle_ThumbstickOutter.uasset" 329
"../../../Engine/Content/Tutorial/ContentIntroCurve.uasset" 330
"../../../Engine/Content/Tutorial/Basics/LevelEditorAttract.uasset" 331
"../../../Engine/Content/Tutorial/Basics/TutorialAssets/icon_tab_Levels_40x.uasset" 332
"../../../Engine/Content/Tutorial/Basics/LevelEditorOverview.uasset" 333
"../../../Engine/Content/Tutorial/BlueprintTutorials/TutorialAssets/Blueprint_64x.uasset" 334
"../../../Engine/Content/Tutorial/BlueprintTutorials/BlueprintEditorTutorial.uasset" 335
"../../../Engine/Content/Tutorial/BlueprintTutorials/TutorialAssets/Tutorial_BP_MacroLib.uasset" 336
"../../../Engine/Content/Tutorial/Installation/InstallingVisualStudioTutorial.uasset" 337
"../../../Engine/Content/Tutorial/SubEditors/ParticleSystemEditorTutorial.uasset" 338
"../../../Engine/Content/Tutorial/SubEditors/TutorialAssets/T_soft_smoke.uasset" 339
"../../../Engine/Content/Tutorial/SubEditors/TutorialAssets/T_SmokeSubUV_8X8.uasset" 340
"../../../Engine/Content/Tutorial/SubEditors/TutorialAssets/M_smoke_subUV_blackbody.uasset" 341
"../../../Engine/Content/Tutorial/SubEditors/TutorialAssets/TutorialParticleSystem.uasset" 342
"../../../Engine/Content/VREditor/TransformGizmo/TranslucentTransformGizmoMaterial.uasset" 343
"../../../Engine/Content/VREditor/LaserPointer/VR_LaserPower_01.uasset" 344
"../../../Engine/Content/VREditor/TransformGizmo/TransformGizmoMaterial.uasset" 345
"../../../Engine/Content/VREditor/TransformGizmo/BoundingBoxCorner.uasset" 346
"../../../Engine/Content/VREditor/TransformGizmo/BoundingBoxEdge.uasset" 347
"../../../Engine/Content/VREditor/TransformGizmo/PlaneTranslationHandle.uasset" 348
"../../../Engine/Content/VREditor/TransformGizmo/Xray.uasset" 349
"../../../Engine/Content/VREditor/TransformGizmo/Main.uasset" 350
"../../../Engine/Content/VREditor/TransformGizmo/SM_Sequencer_Key.uasset" 351
"../../../Engine/Content/VREditor/TransformGizmo/SM_Sequencer_Node.uasset" 352
"../../../../../../Game/Content/Assets/UI/UI_Base_Wide.uasset" 353
"../../../../../../Game/Content/Assets/UI/UI_Base.uasset" 354
"../../../../../../Game/Content/Assets/UI/Button1_Selected.uasset" 355
"../../../../../../Game/Content/Assets/UI/Button1-Deselect.uasset" 356
"../../../../../../Game/Content/Assets/Fonts/RussoOne-Regular.uasset" 357
"../../../../../../Game/Content/Assets/Fonts/RussoOne-Regular_Font.uasset" 358
"../../../../../../Game/Content/UI/PauseMenu.uasset" 359
"../../../../../../Game/Content/UI/Glass/broken-glass3.uasset" 360
"../../../../../../Game/Content/UI/Glass/broken-glass3_Mat.uasset" 361
"../../../../../../Game/Content/UI/Glass/broken-glass2.uasset" 362
"../../../../../../Game/Content/UI/Glass/broken-glass2_Mat.uasset" 363
"../../../../../../Game/Content/UI/Glass/broken-glass1.uasset" 364
"../../../../../../Game/Content/UI/Glass/broken-glass1_Mat.uasset" 365
"../../../../../../Game/Content/UI/Glass/blank_Mat.uasset" 366
"../../../../../../Game/Content/UI/HUD.uasset" 367
"../../../../../../Game/Content/Scripts/NovaGameInstance.uasset" 368
"../../../../../../Game/Content/Scripts/Latency/LatencyController.uasset" 369
"../../../../../../Game/Content/Assets/Audio/Music/Pandemic.uasset" 370
"../../../../../../Game/Content/Scripts/Notes/Pandemic_Loud.uasset" 371
"../../../../../../Game/Content/Assets/Audio/Music/MGF.uasset" 372
"../../../../../../Game/Content/Scripts/Notes/MGF_LoudReader.uasset" 373
"../../../../../../Game/Content/Assets/Audio/Music/1-Dark_Fantasy_Studio-Fist_of_fury.uasset" 374
"../../../../../../Game/Content/Scripts/Notes/FoF_LoudReader.uasset" 375
"../../../Engine/Content/BasicShapes/Plane.uasset" 376
"../../../Engine/Content/Functions/Engine_MaterialFunctions01/Density/ExponentialDensity.uasset" 377
"../../../Engine/Content/Functions/Engine_MaterialFunctions01/Gradient/RadialGradientExponential.uasset" 378
"../../../../../../Game/Content/Scripts/Notes/Mat_Ring.uasset" 379
"../../../../../../Game/Content/Scripts/Notes/Mat_Ring_Inst.uasset" 380
"../../../../../../Game/Content/Scripts/Notes/Circle.uasset" 381
"../../../../../../Game/Content/Scripts/Logger/FileReader.uasset" 382
"../../../../../../Game/Content/Assets/Shield/hex.uasset" 383
"../../../../../../Game/Content/Assets/Shield/sheildHit_Mat.uasset" 384
"../../../../../../Game/Content/Assets/Shield/sheildHit.uasset" 385
"../../../../../../Game/Content/Assets/NoteSpawning/NoteSpawnArea.uasset" 386
"../../../../../../Game/Content/Assets/NoteSpawning/NotePlayerRadius.uasset" 387
"../../../../../../Game/Content/Scripts/Notes/NoteController.uasset" 388
"../../../../../../Game/Content/UI/EndTrial.uasset" 389
"../../../../../../Game/Content/UI/TrialPause.uasset" 390
"../../../../../../Game/Content/trialStruct.uasset" 391
"../../../../../../Game/Content/inputs.uasset" 392
"../../../../../../Game/Content/Scripts/Latency/InputController.uasset" 393
"../../../../../../Game/Content/Assets/Objects/Note_Assets/lambert1_Roughness.uasset" 394
"../../../../../../Game/Content/Assets/Objects/Note_Assets/lambert1_Normal.uasset" 395
"../../../../../../Game/Content/Assets/Objects/Note_Assets/lambert1_Metallic.uasset" 396
"../../../../../../Game/Content/Assets/Objects/Note_Assets/lambert1_Base_Color.uasset" 397
"../../../../../../Game/Content/Assets/Objects/Note_Assets/Note_Mat1.uasset" 398
"../../../../../../Game/Content/Assets/Objects/Note_Assets/Note_Mat.uasset" 399
"../../../../../../Game/Content/Assets/Objects/lambert1.uasset" 400
"../../../../../../Game/Content/Assets/Objects/Note_Assets/note.uasset" 401
"../../../../../../Game/Content/Assets/Objects/Note_Assets/note_DM.uasset" 402
"../../../../../../Game/Content/Assets/Audio/SFX/meteor_collide.uasset" 403
"../../../../../../Game/Content/Scripts/Notes/Note.uasset" 404
"../../../../../../Game/Content/FirstPerson/FPWeapon/Mesh/SK_FPGun_Skeleton.uasset" 405
"../../../Engine/Content/Functions/Engine_MaterialFunctions02/Utility/BlendAngleCorrectedNormals.uasset" 406
"../../../../../../Game/Content/FirstPerson/FPWeapon/Textures/T_FPGun_N.uasset" 407
"../../../../../../Game/Content/FirstPerson/FPWeapon/Textures/T_FPGun_M.uasset" 408
"../../../../../../Game/Content/FirstPerson/FPWeapon/Materials/MaterialLayers/T_ML_Aluminum01_N.uasset" 409
"../../../../../../Game/Content/FirstPerson/FPWeapon/Materials/MaterialLayers/T_ML_Aluminum01.uasset" 410
"../../../../../../Game/Content/FirstPerson/FPWeapon/Materials/MaterialLayers/ML_SoftMetal_UE4.uasset" 411
"../../../../../../Game/Content/FirstPerson/FPWeapon/Materials/MaterialLayers/ML_Screen.uasset" 412
"../../../../../../Game/Content/FirstPerson/FPWeapon/Materials/MaterialLayers/ML_Plastic_Shiny_Beige.uasset" 413
"../../../../../../Game/Content/FirstPerson/FPWeapon/Materials/MaterialLayers/T_ML_Rubber_Blue_01_N.uasset" 414
"../../../../../../Game/Content/FirstPerson/FPWeapon/Materials/MaterialLayers/T_ML_Rubber_Blue_01_D.uasset" 415
"../../../../../../Game/Content/FirstPerson/FPWeapon/Materials/MaterialLayers/ML_GlossyBlack_Latex_UE4.uasset" 416
"../../../Engine/Content/Functions/MaterialLayerFunctions/MatLayerBlend_NormalBlend.uasset" 417
"../../../Engine/Content/Functions/MaterialLayerFunctions/MatLayerBlend_Simple.uasset" 418
"../../../../../../Game/Content/FirstPerson/FPWeapon/Materials/M_FPGun.uasset" 419
"../../../../../../Game/Content/FirstPerson/FPWeapon/Mesh/SK_FPGun.uasset" 420
"../../../../../../Game/Content/FirstPerson/Character/Mesh/SK_Mannequin_Arms_PhysicsAsset.uasset" 421
"../../../../../../Game/Content/FirstPerson/Character/Textures/UE4_Mannequin_MAT_MASKA.uasset" 422
"../../../../../../Game/Content/FirstPerson/Character/Textures/UE4_Mannequin__normals.uasset" 423
"../../../../../../Game/Content/FirstPerson/Character/Materials/MaterialLayers/T_ML_Aluminum01_N.uasset" 424
"../../../../../../Game/Content/FirstPerson/Character/Materials/MaterialLayers/T_ML_Aluminum01.uasset" 425
"../../../../../../Game/Content/FirstPerson/Character/Materials/MaterialLayers/ML_SoftMetal_UE4.uasset" 426
"../../../../../../Game/Content/FirstPerson/Character/Textures/UE4_LOGO_CARD.uasset" 427
"../../../../../../Game/Content/FirstPerson/Character/Materials/MaterialLayers/ML_Plastic_Shiny_Beige_LOGO.uasset" 428
"../../../../../../Game/Content/FirstPerson/Character/Materials/MaterialLayers/ML_Plastic_Shiny_Beige.uasset" 429
"../../../../../../Game/Content/FirstPerson/Character/Materials/MaterialLayers/T_ML_Rubber_Blue_01_N.uasset" 430
"../../../../../../Game/Content/FirstPerson/Character/Materials/MaterialLayers/T_ML_Rubber_Blue_01_D.uasset" 431
"../../../../../../Game/Content/FirstPerson/Character/Materials/MaterialLayers/ML_GlossyBlack_Latex_UE4.uasset" 432
"../../../../../../Game/Content/FirstPerson/Character/Materials/M_UE4Man_Body.uasset" 433
"../../../../../../Game/Content/FirstPerson/Character/Mesh/SK_Mannequin_Arms_Skeleton.uasset" 434
"../../../../../../Game/Content/FirstPerson/Character/Mesh/SK_Mannequin_Arms.uasset" 435
"../../../../../../Game/Content/FirstPerson/Animations/FirstPerson_Run.uasset" 436
"../../../../../../Game/Content/FirstPerson/Animations/FirstPerson_JumpStart.uasset" 437
"../../../../../../Game/Content/FirstPerson/Animations/FirstPerson_JumpLoop.uasset" 438
"../../../../../../Game/Content/FirstPerson/Animations/FirstPerson_JumpEnd.uasset" 439
"../../../../../../Game/Content/FirstPerson/Animations/FirstPerson_Idle.uasset" 440
"../../../../../../Game/Content/FirstPerson/Animations/FirstPerson_AnimBP.uasset" 441
"../../../../../../Game/Content/FirstPerson/Animations/FirstPerson_Fire.uasset" 442
"../../../../../../Game/Content/FirstPerson/Animations/FirstPersonFire_Montage.uasset" 443
"../../../../../../Game/Content/Assets/Objects/Gun_Assets/gun7_lambert1_OcclusionRoughnessMetallic.uasset" 444
"../../../../../../Game/Content/Assets/Objects/Gun_Assets/gun7_lambert1_Normal.uasset" 445
"../../../../../../Game/Content/Assets/Objects/Gun_Assets/gun7_lambert1_BaseColor.uasset" 446
"../../../../../../Game/Content/Assets/Objects/Gun_Assets/Gun_Mat.uasset" 447
"../../../../../../Game/Content/Assets/Objects/gun7.uasset" 448
"../../Plugins/FX/Niagara/Content/Functions/System/SystemChangeState.uasset" 449
"../../Plugins/FX/Niagara/Content/Enums/ENiagaraSystemInactiveMode.uasset" 450
"../../Plugins/FX/Niagara/Content/Enums/ENiagara_EmitterStateOptions.uasset" 451
"../../Plugins/FX/Niagara/Content/Modules/System/SystemState.uasset" 452
"../../Plugins/FX/Niagara/Content/Enums/ENiagaraInactiveMode.uasset" 453
"../../Plugins/FX/Niagara/Content/Enums/ENiagaraEmitterScalabilityMode_Limited.uasset" 454
"../../Plugins/FX/Niagara/Content/Enums/ENiagaraEmitterLifeCycleMode.uasset" 455
"../../Plugins/FX/Niagara/Content/Enums/ENiagara_InfiniteLoopDuration.uasset" 456
"../../Plugins/FX/Niagara/Content/Modules/Update/Lifetime/ParticleState.uasset" 457
"../../Plugins/FX/Niagara/Content/Modules/Update/Color/Color.uasset" 458
"../../Plugins/FX/Niagara/Content/Enums/ENiagaraRandomnessMode.uasset" 459
"../../Plugins/FX/Niagara/Content/Functions/GetRandomInfo.uasset" 460
"../../Plugins/FX/Niagara/Content/Functions/RandomRangeFloat.uasset" 461
"../../Plugins/FX/Niagara/Content/Functions/Localspace/SimulationPosition.uasset" 462
"../../Plugins/FX/Niagara/Content/Modules/Spawn/Initialization/InitializeParticle.uasset" 463
"../../Plugins/FX/Niagara/Content/Functions/DirectionAndLengthSafe.uasset" 464
"../../Plugins/FX/Niagara/Content/Modules/Solvers/SolveForcesAndVelocity.uasset" 465
"../../Plugins/FX/Niagara/Content/Enums/ENiagaraRandomnessEvaluation.uasset" 466
"../../Plugins/FX/Niagara/Content/Functions/V2/CalculateRandomRangeFloat.uasset" 467
"../../Plugins/FX/Niagara/Content/Modules/Emitter/SpawnBurst_Instantaneous.uasset" 468
"../../Plugins/FX/Niagara/Content/Functions/Emitter/EmitterChangeState.uasset" 469
"../../Plugins/FX/Niagara/Content/Enums/ENiagaraExecutionStateManagement.uasset" 470
"../../Plugins/FX/Niagara/Content/Modules/Emitter/EmitterState.uasset" 471
"../../Plugins/FX/Niagara/Content/Functions/Spline/FindPositionOnBezierSpline.uasset" 472
"../../Plugins/FX/Niagara/Content/Modules/Beams/UpdateBeam.uasset" 473
"../../Plugins/FX/Niagara/Content/Functions/NormalizedExecutionIndex.uasset" 474
"../../Plugins/FX/Niagara/Content/Modules/Beams/SpawnBeam.uasset" 475
"../../Plugins/FX/Niagara/Content/Modules/Beams/BeamWidth.uasset" 476
"../../Plugins/FX/Niagara/Content/DynamicInputs/Helpers/SimulationPosition.uasset" 477
"../../Plugins/FX/Niagara/Content/Enums/ENiagaraCoordinateSpace.uasset" 478
"../../Plugins/FX/Niagara/Content/Functions/Localspace/TransformBase.uasset" 479
"../../Plugins/FX/Niagara/Content/Functions/Localspace/TransformVector.uasset" 480
"../../Plugins/FX/Niagara/Content/Functions/Localspace/TransformPosition.uasset" 481
"../../Plugins/FX/Niagara/Content/DynamicInputs/Multiply/Multiply_VectorByFloat.uasset" 482
"../../Plugins/FX/Niagara/Content/Modules/Beams/BeamEmitterSetup.uasset" 483
"../../Plugins/FX/Niagara/Content/DynamicInputs/ValueFromCurve/FloatFromCurve.uasset" 484
"../../Plugins/FX/Niagara/Content/DefaultAssets/DefaultRIbbonMaterial.uasset" 485
"../../../../../../Game/Content/Assets/Effects/Bullet.uasset" 486
"../../../../../../Game/Content/Assets/Effects/Bullet_System.uasset" 487
"../../../../../../Game/Content/Assets/Audio/SFX/note_breaking_01.uasset" 488
"../../../../../../Game/Content/Assets/Audio/SFX/laser_shoot_01.uasset" 489
"../../../../../../Game/Content/Scripts/FirstPersonCharacter.uasset" 490
"../../../../../../Game/Content/FirstPerson/Textures/FirstPersonCrosshair.uasset" 491
"../../../../../../Game/Content/UI/Crosshair.uasset" 492
"../../../../../../Game/Content/Scripts/FirstPersonGameMode.uasset" 493
"../../../../../../Game/Content/FirstPersonBP/Blueprints/FirstPersonGameMode.uasset" 494
"../../Plugins/2D/Paper2D/Content/PlaceholderTextures/DummySpriteTexture.uasset" 495
"../../Plugins/2D/Paper2D/Content/DummySprite.uasset" 496
"../../Plugins/2D/Paper2D/Content/DefaultPaperTerrainMaterial.uasset" 497
"../../Plugins/2D/Paper2D/Content/DefaultSpriteMaterial.uasset" 498
"../../Plugins/2D/Paper2D/Content/MaskedUnlitSpriteMaterial.uasset" 499
"../../Plugins/2D/Paper2D/Content/OpaqueUnlitSpriteMaterial.uasset" 500
"../../../Engine/Content/Functions/Engine_MaterialFunctions02/SafeNormalize.uasset" 501
"../../../Engine/Content/Functions/Engine_MaterialFunctions02/ObjectLocalBounds.uasset" 502
"../../../Engine/Content/Functions/Engine_MaterialFunctions02/UVs/BoundingBoxBased_0-1_UVW.uasset" 503
"../../../Engine/Content/EngineResources/DefaultTexture.uasset" 504
"../../Plugins/Editor/SpeedTreeImporter/Content/SpeedTree9/UnpackInteger3.uasset" 505
"../../Plugins/Editor/SpeedTreeImporter/Content/SpeedTree9/UnpackDirection.uasset" 506
"../../Plugins/Editor/SpeedTreeImporter/Content/SpeedTree9/game_wind_noise.uasset" 507
"../../Plugins/Editor/SpeedTreeImporter/Content/SpeedTree9/SpeedTreeWindMotion.uasset" 508
"../../Plugins/Editor/SpeedTreeImporter/Content/SpeedTree9/SpeedTreeBranchMotion.uasset" 509
"../../Plugins/Editor/SpeedTreeImporter/Content/SpeedTree9/SpeedTreeWind.uasset" 510
"../../Plugins/Editor/SpeedTreeImporter/Content/SpeedTree9/SpeedTreeBillboard.uasset" 511
"../../Plugins/Editor/SpeedTreeImporter/Content/SpeedTree9/SpeedTreeBillboardMaster.uasset" 512
"../../Plugins/Editor/SpeedTreeImporter/Content/SpeedTree9/SpeedTreeCameraFacing.uasset" 513
"../../Plugins/Editor/SpeedTreeImporter/Content/SpeedTree9/SpeedTreeMaster.uasset" 514
"../../Plugins/FX/Niagara/Content/Enums/ENiagaraAnimTrailWidthMode.uasset" 515
"../../Plugins/FX/Niagara/Content/Enums/ENiagaraArraySamplingMode.uasset" 516
"../../Plugins/FX/Niagara/Content/Enums/ENiagaraBoneSamplingMode.uasset" 517
"../../Plugins/FX/Niagara/Content/Enums/ENiagaraBoneSocketSamplingMode.uasset" 518
"../../Plugins/FX/Niagara/Content/Enums/ENiagaraBooleanLogicOps.uasset" 519
"../../Plugins/FX/Niagara/Content/Enums/ENiagaraBooleanLogicOps_v2.uasset" 520
"../../Plugins/FX/Niagara/Content/Enums/ENiagaraCalculateRadiusOptions.uasset" 521
"../../Plugins/FX/Niagara/Content/Enums/ENiagaraChannelCorrelation.uasset" 522
"../../Plugins/FX/Niagara/Content/Enums/ENiagaraCollisionRadiusOptions.uasset" 523
"../../Plugins/FX/Niagara/Content/Enums/ENiagaraCurlNoiseQuality.uasset" 524
"../../Plugins/FX/Niagara/Content/Enums/ENiagaraEmitterScalabilityMode.uasset" 525
"../../Plugins/FX/Niagara/Content/Enums/ENiagaraExpansionMode.uasset" 526
"../../Plugins/FX/Niagara/Content/Enums/ENiagaraFrictionMergeType.uasset" 527
"../../Plugins/FX/Niagara/Content/Enums/ENiagaraGPUDepthResponseType.uasset" 528
"../../Plugins/FX/Niagara/Content/Enums/ENiagaraGridPlacementType.uasset" 529
"../../Plugins/FX/Niagara/Content/Enums/ENiagaraKillVolumeOptions.uasset" 530
"../../Plugins/FX/Niagara/Content/Enums/ENiagaraLinearColor_Channels.uasset" 531
"../../Plugins/FX/Niagara/Content/Enums/ENiagaraMassByVolume.uasset" 532
"../../Plugins/FX/Niagara/Content/Enums/ENiagaraMassCalculationForRendererTypes.uasset" 533
"../../Plugins/FX/Niagara/Content/Enums/ENiagaraMeshOrSprite.uasset" 534
"../../Plugins/FX/Niagara/Content/Enums/ENiagaraMeshSamplingMode.uasset" 535
"../../Plugins/FX/Niagara/Content/Enums/ENiagaraMeshSurfaceSamplingMode.uasset" 536
"../../Plugins/FX/Niagara/Content/Enums/ENiagaraMeshTransforms.uasset" 537
"../../Plugins/FX/Niagara/Content/Enums/ENiagaraMinOrMax.uasset" 538
"../../Plugins/FX/Niagara/Content/Enums/ENiagaraNumericVariableTypes.uasset" 539
"../../Plugins/FX/Niagara/Content/Enums/ENiagaraOrientationAxis.uasset" 540
"../../Plugins/FX/Niagara/Content/Enums/ENiagaraQuaternionDerivationTechnique.uasset" 541
"../../Plugins/FX/Niagara/Content/Enums/ENiagaraRestitutionMergeType.uasset" 542
"../../Plugins/FX/Niagara/Content/Enums/ENiagaraScaleColorMode.uasset" 543
"../../Plugins/FX/Niagara/Content/Enums/ENiagaraSimulationTarget.uasset" 544
"../../Plugins/FX/Niagara/Content/Enums/ENiagaraSkeletalSpawning.uasset" 545
"../../Plugins/FX/Niagara/Content/Enums/ENiagaraSkelSamplingFilteringMode.uasset" 546
"../../Plugins/FX/Niagara/Content/Enums/ENiagaraSkelSamplingModeFull.uasset" 547
"../../Plugins/FX/Niagara/Content/Enums/ENiagaraSocketSamplingMode.uasset" 548
"../../Plugins/FX/Niagara/Content/Enums/ENiagaraSphereDistributionMode.uasset" 549
"../../Plugins/FX/Niagara/Content/Enums/ENiagaraSUbUVAnimationMode.uasset" 550
"../../Plugins/FX/Niagara/Content/Enums/ENiagaraTorusDistributionMode.uasset" 551
"../../Plugins/FX/Niagara/Content/Enums/ENiagaraTorusMode.uasset" 552
"../../Plugins/FX/Niagara/Content/Enums/ENiagaraTriangleSamplingMode.uasset" 553
"../../Plugins/FX/Niagara/Content/Enums/ENiagaraVector2_Channels.uasset" 554
"../../Plugins/FX/Niagara/Content/Enums/ENiagaraVector3_Channels.uasset" 555
"../../Plugins/FX/Niagara/Content/Enums/ENiagaraVector4_Channels.uasset" 556
"../../Plugins/FX/Niagara/Content/Enums/ENiagaraVertexFilteringMode.uasset" 557
"../../Plugins/FX/Niagara/Content/Enums/ENiagaraVertexSamplingMode.uasset" 558
"../../Plugins/FX/Niagara/Content/Enums/ENiagara_AudioParamType.uasset" 559
"../../Plugins/FX/Niagara/Content/Enums/ENiagara_BankOnTurns.uasset" 560
"../../Plugins/FX/Niagara/Content/Enums/ENiagara_CameraMeshOrientation.uasset" 561
"../../Plugins/FX/Niagara/Content/Enums/ENiagara_CameraProperties.uasset" 562
"../../Plugins/FX/Niagara/Content/Enums/ENiagara_CollisionType.uasset" 563
"../../Plugins/FX/Niagara/Content/Enums/ENiagara_ColorInitializationMode.uasset" 564
"../../Plugins/FX/Niagara/Content/Enums/ENiagara_CPUCollisionType.uasset" 565
"../../Plugins/FX/Niagara/Content/Enums/ENiagara_DirectReadApplicationMode.uasset" 566
"../../Plugins/FX/Niagara/Content/Enums/ENiagara_DirectReadParticleIDSampling.uasset" 567
"../../Plugins/FX/Niagara/Content/Enums/ENiagara_DirectReadSamplingMode.uasset" 568
"../../Plugins/FX/Niagara/Content/Enums/ENiagara_EmitterLocSamplingMode.uasset" 569
"../../Plugins/FX/Niagara/Content/Enums/ENiagara_FadeOperationType.uasset" 570
"../../Plugins/FX/Niagara/Content/Enums/ENiagara_Float4Channel.uasset" 571
"../../Plugins/FX/Niagara/Content/Enums/ENiagara_GPUCollisionType.uasset" 572
"../../Plugins/FX/Niagara/Content/Enums/ENiagara_IDAttributes.uasset" 573
"../../Plugins/FX/Niagara/Content/Enums/ENiagara_LifetimeInheritanceOptions.uasset" 574
"../../Plugins/FX/Niagara/Content/Enums/ENiagara_LifetimeMode.uasset" 575
"../../Plugins/FX/Niagara/Content/Enums/ENiagara_MassInitializationMode.uasset" 576
"../../Plugins/FX/Niagara/Content/Enums/ENiagara_MultipleLerpCount.uasset" 577
"../../Plugins/FX/Niagara/Content/Enums/ENiagara_PositionInitializationMode.uasset" 578
"../../Plugins/FX/Niagara/Content/Enums/ENiagara_RotationDefinitionApproach.uasset" 579
"../../Plugins/FX/Niagara/Content/Enums/ENiagara_SizeScaleMode.uasset" 580
"../../Plugins/FX/Niagara/Content/Enums/ENiagara_SpawnBurstMode.uasset" 581
"../../Plugins/FX/Niagara/Content/Enums/ENiagara_SpriteRotationMode.uasset" 582
"../../Plugins/FX/Niagara/Content/Enums/ENiagara_SubUVLookupMode.uasset" 583
"../../Plugins/FX/Niagara/Content/Enums/ENiagara_TransformBaseOptions.uasset" 584
"../../Plugins/FX/Niagara/Content/Enums/ENiagara_TransformMode.uasset" 585
"../../Plugins/FX/Niagara/Content/Enums/ENiagara_TransformOrientationMode.uasset" 586
"../../Plugins/FX/Niagara/Content/Enums/ENiagara_UVFlippingMode.uasset" 587
"../../Plugins/FX/Niagara/Content/Enums/Niagara_Units.uasset" 588
"../../Plugins/FX/Niagara/Content/Enums/CascadeConversion/ECascadeNiagaraOrbitChainMode.uasset" 589
"../../Plugins/FX/Niagara/Content/Enums/CascadeConversion/ECascadeNiagaraTwoVectorChannels.uasset" 590
"../../Plugins/FX/Niagara/Content/Icons/S_ParticleSystem.uasset" 591
"../../../Engine/Content/ArtTools/RenderToTexture/Materials/Debug/M_Emissive_Color.uasset" 592
"../../../Engine/Content/BasicShapes/Cylinder.uasset" 593
"../../Plugins/Lumin/MagicLeapPassableWorld/Content/MagicLeapARPinInfoActor.uasset" 594
"../../../Engine/Content/Functions/Engine_MaterialFunctions02/Utility/BreakOutFloat4Components.uasset" 595
"../../Plugins/Runtime/Oculus/OculusVR/Content/Materials/OculusMR_ChromaKey.uasset" 596
"../../Plugins/Runtime/Oculus/OculusVR/Content/Materials/OculusMR_OpaqueColoredMaterial.uasset" 597
"../../Plugins/Runtime/Oculus/OculusVR/Content/Materials/PokeAHoleMaterial.uasset" 598
"../../../Engine/Content/Maps/Entry_BuiltData.uasset" 599
"../../../Engine/Content/Maps/Entry.umap" 600
"../../../../../../Game/Content/UI/MainMenu.uasset" 601
"../../../../../../Game/Content/Scenes/MainMenu.umap" 602
"../../../Engine/Content/BasicShapes/BasicShapeMaterial.uasset" 603
"../../../../../../Game/Content/Scenes/MainScene_BuiltData.uasset" 604
"../../../Engine/Content/EngineSky/T_Sky_Blue.uasset" 605
"../../../Engine/Content/EngineSky/T_Sky_Stars.uasset" 606
"../../../Engine/Content/EngineSky/T_Sky_Clouds_M.uasset" 607
"../../../Engine/Content/EngineSky/M_Sky_Panning_Clouds2.uasset" 608
"../../../Engine/Content/EngineSky/SM_SkySphere.uasset" 609
"../../../../../../Game/Content/Assets/Skybox/Space_Params.uasset" 610
"../../../../../../Game/Content/Assets/Skybox/Space_Skybox.uasset" 611
"../../../Engine/Content/Functions/Engine_MaterialFunctions02/3PointLevels.uasset" 612
"../../../../../../Game/Content/Assets/Skybox/Alpha_Skybox_Low_Res.uasset" 613
"../../../../../../Game/Content/Assets/Skybox/SpaceMat.uasset" 614
"../../../../../../Game/Content/Scenes/MainScene.umap" 615
